[1.470s] Invoking command in '/home/khushi/ros2_ws/src/my_package': PYTHONPATH=/home/khushi/ros2_ws/build/my_package/prefix_override:/usr/lib/python3/dist-packages/colcon_core/task/python/colcon_distutils_commands:/home/khushi/ros2_ws/install/my_package/lib/python3.10/site-packages:${PYTHONPATH} /usr/bin/python3 -W ignore:setup.py install is deprecated -W ignore:easy_install command is deprecated setup.py egg_info --egg-base ../../build/my_package build --build-base /home/khushi/ros2_ws/build/my_package/build install --record /home/khushi/ros2_ws/build/my_package/install.log --single-version-externally-managed install_data
[1.944s] running egg_info
[1.945s] creating ../../build/my_package/my_package.egg-info
[1.946s] writing ../../build/my_package/my_package.egg-info/PKG-INFO
[1.946s] writing dependency_links to ../../build/my_package/my_package.egg-info/dependency_links.txt
[1.947s] writing entry points to ../../build/my_package/my_package.egg-info/entry_points.txt
[1.948s] writing requirements to ../../build/my_package/my_package.egg-info/requires.txt
[1.948s] writing top-level names to ../../build/my_package/my_package.egg-info/top_level.txt
[1.948s] writing manifest file '../../build/my_package/my_package.egg-info/SOURCES.txt'
[1.954s] reading manifest file '../../build/my_package/my_package.egg-info/SOURCES.txt'
[1.954s] adding license file 'LICENSE'
[1.956s] writing manifest file '../../build/my_package/my_package.egg-info/SOURCES.txt'
[1.956s] running build
[1.956s] running build_py
[1.957s] creating /home/khushi/ros2_ws/build/my_package/build
[1.958s] creating /home/khushi/ros2_ws/build/my_package/build/lib
[1.958s] creating /home/khushi/ros2_ws/build/my_package/build/lib/my_package
[1.958s] copying my_package/__init__.py -> /home/khushi/ros2_ws/build/my_package/build/lib/my_package
[1.959s] running install
[1.960s] running install_lib
[1.962s] creating /home/khushi/ros2_ws/install/my_package/lib/python3.10/site-packages/my_package
[1.962s] copying /home/khushi/ros2_ws/build/my_package/build/lib/my_package/__init__.py -> /home/khushi/ros2_ws/install/my_package/lib/python3.10/site-packages/my_package
[1.963s] byte-compiling /home/khushi/ros2_ws/install/my_package/lib/python3.10/site-packages/my_package/__init__.py to __init__.cpython-310.pyc
[1.964s] running install_data
[1.964s] creating /home/khushi/ros2_ws/install/my_package/share/ament_index
[1.964s] creating /home/khushi/ros2_ws/install/my_package/share/ament_index/resource_index
[1.965s] creating /home/khushi/ros2_ws/install/my_package/share/ament_index/resource_index/packages
[1.968s] copying resource/my_package -> /home/khushi/ros2_ws/install/my_package/share/ament_index/resource_index/packages
[1.969s] copying package.xml -> /home/khushi/ros2_ws/install/my_package/share/my_package
[1.969s] running install_egg_info
[1.973s] Copying ../../build/my_package/my_package.egg-info to /home/khushi/ros2_ws/install/my_package/lib/python3.10/site-packages/my_package-0.0.0-py3.10.egg-info
[1.975s] running install_scripts
[2.006s] writing list of installed files to '/home/khushi/ros2_ws/build/my_package/install.log'
[2.043s] Invoked command in '/home/khushi/ros2_ws/src/my_package' returned '0': PYTHONPATH=/home/khushi/ros2_ws/build/my_package/prefix_override:/usr/lib/python3/dist-packages/colcon_core/task/python/colcon_distutils_commands:/home/khushi/ros2_ws/install/my_package/lib/python3.10/site-packages:${PYTHONPATH} /usr/bin/python3 -W ignore:setup.py install is deprecated -W ignore:easy_install command is deprecated setup.py egg_info --egg-base ../../build/my_package build --build-base /home/khushi/ros2_ws/build/my_package/build install --record /home/khushi/ros2_ws/build/my_package/install.log --single-version-externally-managed install_data
