[1.331s] Invoking command in '/home/khushi/ros2_ws/src/my_package': PYTHONPATH=/home/khushi/ros2_ws/build/my_package/prefix_override:/usr/lib/python3/dist-packages/colcon_core/task/python/colcon_distutils_commands:/home/khushi/ros2_ws/install/my_package/lib/python3.10/site-packages:${PYTHONPATH} /usr/bin/python3 -W ignore:setup.py install is deprecated -W ignore:easy_install command is deprecated setup.py egg_info --egg-base ../../build/my_package build --build-base /home/khushi/ros2_ws/build/my_package/build install --record /home/khushi/ros2_ws/build/my_package/install.log --single-version-externally-managed install_data
[1.619s] running egg_info
[1.620s] writing ../../build/my_package/my_package.egg-info/PKG-INFO
[1.620s] writing dependency_links to ../../build/my_package/my_package.egg-info/dependency_links.txt
[1.621s] writing entry points to ../../build/my_package/my_package.egg-info/entry_points.txt
[1.621s] writing requirements to ../../build/my_package/my_package.egg-info/requires.txt
[1.621s] writing top-level names to ../../build/my_package/my_package.egg-info/top_level.txt
[1.625s] reading manifest file '../../build/my_package/my_package.egg-info/SOURCES.txt'
[1.626s] adding license file 'LICENSE'
[1.627s] writing manifest file '../../build/my_package/my_package.egg-info/SOURCES.txt'
[1.627s] running build
[1.627s] running build_py
[1.627s] copying my_package/simple_subscriber.py -> /home/khushi/ros2_ws/build/my_package/build/lib/my_package
[1.628s] running install
[1.629s] running install_lib
[1.630s] copying /home/khushi/ros2_ws/build/my_package/build/lib/my_package/simple_subscriber.py -> /home/khushi/ros2_ws/install/my_package/lib/python3.10/site-packages/my_package
[1.631s] byte-compiling /home/khushi/ros2_ws/install/my_package/lib/python3.10/site-packages/my_package/simple_subscriber.py to simple_subscriber.cpython-310.pyc
[1.632s] running install_data
[1.632s] running install_egg_info
[1.636s] removing '/home/khushi/ros2_ws/install/my_package/lib/python3.10/site-packages/my_package-0.0.0-py3.10.egg-info' (and everything under it)
[1.636s] Copying ../../build/my_package/my_package.egg-info to /home/khushi/ros2_ws/install/my_package/lib/python3.10/site-packages/my_package-0.0.0-py3.10.egg-info
[1.638s] running install_scripts
[1.663s] Installing simple_publisher script to /home/khushi/ros2_ws/install/my_package/lib/my_package
[1.664s] Installing simple_subscriber script to /home/khushi/ros2_ws/install/my_package/lib/my_package
[1.664s] writing list of installed files to '/home/khushi/ros2_ws/build/my_package/install.log'
[1.699s] Invoked command in '/home/khushi/ros2_ws/src/my_package' returned '0': PYTHONPATH=/home/khushi/ros2_ws/build/my_package/prefix_override:/usr/lib/python3/dist-packages/colcon_core/task/python/colcon_distutils_commands:/home/khushi/ros2_ws/install/my_package/lib/python3.10/site-packages:${PYTHONPATH} /usr/bin/python3 -W ignore:setup.py install is deprecated -W ignore:easy_install command is deprecated setup.py egg_info --egg-base ../../build/my_package build --build-base /home/khushi/ros2_ws/build/my_package/build install --record /home/khushi/ros2_ws/build/my_package/install.log --single-version-externally-managed install_data
